2020-05-15 16:17:57,302 INFO o.a.j.u.JMeterUtils: Setting Locale to en_EN
2020-05-15 16:17:57,362 INFO o.a.j.JMeter: Loading user properties from: /usr/local/Cellar/jmeter/5.2.1/libexec/bin/user.properties
2020-05-15 16:17:57,364 INFO o.a.j.JMeter: Loading system properties from: /usr/local/Cellar/jmeter/5.2.1/libexec/bin/system.properties
2020-05-15 16:17:57,366 INFO o.a.j.JMeter: Copyright (c) 1998-2019 The Apache Software Foundation
2020-05-15 16:17:57,367 INFO o.a.j.JMeter: Version 5.2.1
2020-05-15 16:17:57,367 INFO o.a.j.JMeter: java.version=1.8.0_92
2020-05-15 16:17:57,367 INFO o.a.j.JMeter: java.vm.name=Java HotSpot(TM) 64-Bit Server VM
2020-05-15 16:17:57,367 INFO o.a.j.JMeter: os.name=Mac OS X
2020-05-15 16:17:57,367 INFO o.a.j.JMeter: os.arch=x86_64
2020-05-15 16:17:57,367 INFO o.a.j.JMeter: os.version=10.14.3
2020-05-15 16:17:57,367 INFO o.a.j.JMeter: file.encoding=UTF-8
2020-05-15 16:17:57,367 INFO o.a.j.JMeter: java.awt.headless=null
2020-05-15 16:17:57,368 INFO o.a.j.JMeter: Max memory     =1073741824
2020-05-15 16:17:57,371 INFO o.a.j.JMeter: Available Processors =4
2020-05-15 16:17:57,390 INFO o.a.j.JMeter: Default Locale=English (EN)
2020-05-15 16:17:57,403 INFO o.a.j.JMeter: JMeter  Locale=English (EN)
2020-05-15 16:17:57,404 INFO o.a.j.JMeter: JMeterHome=/usr/local/Cellar/jmeter/5.2.1/libexec
2020-05-15 16:17:57,404 INFO o.a.j.JMeter: user.dir  =/Users/mabuaisha/Master/Third Year/Second Semster/Thesis/faas-exp/ftp/aws
2020-05-15 16:17:57,404 INFO o.a.j.JMeter: PWD       =/Users/mabuaisha/Master/Third Year/Second Semster/Thesis/faas-exp/ftp/aws
2020-05-15 16:18:02,442 INFO o.a.j.JMeter: IP: 10.0.0.4 Name: Mohammeds-MacBook-Pro.local FullName: 10.0.0.4
2020-05-15 16:18:06,045 INFO o.a.j.g.a.LookAndFeelCommand: Installing Darcula LAF
2020-05-15 16:18:06,110 INFO o.a.j.g.a.LookAndFeelCommand: Using look and feel: com.bulenkov.darcula.DarculaLaf [Darcula]
2020-05-15 16:18:06,111 INFO o.a.j.JMeter: Setting LAF to: com.bulenkov.darcula.DarculaLaf
2020-05-15 16:18:06,642 INFO o.a.j.JMeter: Loaded icon properties from org/apache/jmeter/images/icon.properties
2020-05-15 16:18:11,147 INFO o.a.j.p.h.s.HTTPSamplerBase: Parser for text/html is org.apache.jmeter.protocol.http.parser.LagartoBasedHtmlParser
2020-05-15 16:18:11,158 INFO o.a.j.p.h.s.HTTPSamplerBase: Parser for application/xhtml+xml is org.apache.jmeter.protocol.http.parser.LagartoBasedHtmlParser
2020-05-15 16:18:11,159 INFO o.a.j.p.h.s.HTTPSamplerBase: Parser for application/xml is org.apache.jmeter.protocol.http.parser.LagartoBasedHtmlParser
2020-05-15 16:18:11,159 INFO o.a.j.p.h.s.HTTPSamplerBase: Parser for text/xml is org.apache.jmeter.protocol.http.parser.LagartoBasedHtmlParser
2020-05-15 16:18:11,159 INFO o.a.j.p.h.s.HTTPSamplerBase: Parser for text/vnd.wap.wml is org.apache.jmeter.protocol.http.parser.RegexpHTMLParser
2020-05-15 16:18:11,160 INFO o.a.j.p.h.s.HTTPSamplerBase: Parser for text/css is org.apache.jmeter.protocol.http.parser.CssParser
2020-05-15 16:18:11,760 INFO o.a.j.e.KeyToolUtils: keytool found at 'keytool'
2020-05-15 16:18:11,761 INFO o.a.j.p.h.p.ProxyControl: HTTP(S) Test Script Recorder SSL Proxy will use keys that support embedded 3rd party resources in file /usr/local/Cellar/jmeter/5.2.1/libexec/bin/proxyserver.jks
2020-05-15 16:18:12,035 INFO o.a.j.s.FileServer: Default base='/Users/mabuaisha/Master/Third Year/Second Semster/Thesis/faas-exp/ftp/aws'
2020-05-15 16:18:12,573 INFO o.a.j.s.SampleResult: Note: Sample TimeStamps are START times
2020-05-15 16:18:12,573 INFO o.a.j.s.SampleResult: sampleresult.default.encoding is set to ISO-8859-1
2020-05-15 16:18:12,574 INFO o.a.j.s.SampleResult: sampleresult.useNanoTime=true
2020-05-15 16:18:12,574 INFO o.a.j.s.SampleResult: sampleresult.nanoThreadSleep=5000
2020-05-15 16:18:13,783 INFO o.j.r.JARSourceHTTP: Requesting https://jmeter-plugins.org/repo/?installID=amazon-ce40aeceea71616e0ef55db62c6cdea0-gui
2020-05-15 16:18:22,143 INFO o.j.r.PluginManager: Plugins Status: [jpgc-plugins-manager=1.3, jmeter-core=5.2.1, jmeter-ftp=5.2.1, jmeter-http=5.2.1, jmeter-jdbc=5.2.1, jmeter-jms=5.2.1, jmeter-junit=5.2.1, jmeter-java=5.2.1, jmeter-ldap=5.2.1, jmeter-mail=5.2.1, jmeter-mongodb=5.2.1, jmeter-native=5.2.1, jmeter-tcp=5.2.1, jmeter-components=5.2.1]
2020-05-15 16:18:22,146 INFO o.j.r.PluginManagerMenuItem: Plugins Manager has upgrades: [jpgc-plugins-manager]
